# JRE version: OpenJDK Runtime Environment Temurin-17.0.15+6 (17.0.15+6) (build 17.0.15+6)
# Java VM: OpenJDK 64-Bit Server VM Temurin-17.0.15+6 (17.0.15+6, mixed mode, sharing, tiered, compressed oops, compressed class ptrs, serial gc, windows-amd64)
GC Precious Log:
 CPUs: 8 total, 8 available
 Memory: 16149M
 Large Page Support: Disabled
 NUMA Support: Disabled
 Compressed Oops: Enabled (32-bit)
 Heap Min Capacity: 8M
 Heap Initial Capacity: 254M
 Heap Max Capacity: 2G
 Pre-touch: Disabled
Heap:
 def new generation   total 78016K, used 59646K [0x0000000080000000, 0x00000000854a0000, 0x00000000aaaa0000)
  eden space 69376K,  74% used [0x0000000080000000, 0x0000000083263d80, 0x00000000843c0000)
  from space 8640K,  93% used [0x00000000843c0000, 0x0000000084b9bc58, 0x0000000084c30000)
  to   space 8640K,   0% used [0x0000000084c30000, 0x0000000084c30000, 0x00000000854a0000)
 tenured generation   total 173440K, used 10282K [0x00000000aaaa0000, 0x00000000b5400000, 0x0000000100000000)
   the space 173440K,   5% used [0x00000000aaaa0000, 0x00000000ab4aa8b0, 0x00000000ab4aaa00, 0x00000000b5400000)
 Metaspace       used 18107K, committed 18432K, reserved 1114112K
  class space    used 2600K, committed 2752K, reserved 1048576K
GC Heap History (4 events):
Event: 5.537 GC heap before
{Heap before GC invocations=0 (full 0):
 def new generation   total 78016K, used 69376K [0x0000000080000000, 0x00000000854a0000, 0x00000000aaaa0000)
  eden space 69376K, 100% used [0x0000000080000000, 0x00000000843c0000, 0x00000000843c0000)
  from space 8640K,   0% used [0x00000000843c0000, 0x00000000843c0000, 0x0000000084c30000)
  to   space 8640K,   0% used [0x0000000084c30000, 0x0000000084c30000, 0x00000000854a0000)
 tenured generation   total 173440K, used 0K [0x00000000aaaa0000, 0x00000000b5400000, 0x0000000100000000)
   the space 173440K,   0% used [0x00000000aaaa0000, 0x00000000aaaa0000, 0x00000000aaaa0200, 0x00000000b5400000)
 Metaspace       used 4382K, committed 4544K, reserved 1114112K
  class space    used 541K, committed 640K, reserved 1048576K
}
Event: 5.555 GC heap after
{Heap after GC invocations=1 (full 0):
 def new generation   total 78016K, used 8639K [0x0000000080000000, 0x00000000854a0000, 0x00000000aaaa0000)
  eden space 69376K,   0% used [0x0000000080000000, 0x0000000080000000, 0x00000000843c0000)
  from space 8640K,  99% used [0x0000000084c30000, 0x000000008549fff8, 0x00000000854a0000)
  to   space 8640K,   0% used [0x00000000843c0000, 0x00000000843c0000, 0x0000000084c30000)
 tenured generation   total 173440K, used 1800K [0x00000000aaaa0000, 0x00000000b5400000, 0x0000000100000000)
   the space 173440K,   1% used [0x00000000aaaa0000, 0x00000000aac62340, 0x00000000aac62400, 0x00000000b5400000)
 Metaspace       used 4382K, committed 4544K, reserved 1114112K
  class space    used 541K, committed 640K, reserved 1048576K
}
Event: 7.376 GC heap before
{Heap before GC invocations=1 (full 0):
 def new generation   total 78016K, used 78015K [0x0000000080000000, 0x00000000854a0000, 0x00000000aaaa0000)
  eden space 69376K, 100% used [0x0000000080000000, 0x00000000843c0000, 0x00000000843c0000)
  from space 8640K,  99% used [0x0000000084c30000, 0x000000008549fff8, 0x00000000854a0000)
  to   space 8640K,   0% used [0x00000000843c0000, 0x00000000843c0000, 0x0000000084c30000)
 tenured generation   total 173440K, used 1800K [0x00000000aaaa0000, 0x00000000b5400000, 0x0000000100000000)
   the space 173440K,   1% used [0x00000000aaaa0000, 0x00000000aac62340, 0x00000000aac62400, 0x00000000b5400000)
 Metaspace       used 10598K, committed 10816K, reserved 1114112K
  class space    used 1419K, committed 1536K, reserved 1048576K
}
Event: 7.397 GC heap after
{Heap after GC invocations=2 (full 0):
 def new generation   total 78016K, used 8047K [0x0000000080000000, 0x00000000854a0000, 0x00000000aaaa0000)
  eden space 69376K,   0% used [0x0000000080000000, 0x0000000080000000, 0x00000000843c0000)
  from space 8640K,  93% used [0x00000000843c0000, 0x0000000084b9bc58, 0x0000000084c30000)
  to   space 8640K,   0% used [0x0000000084c30000, 0x0000000084c30000, 0x00000000854a0000)
 tenured generation   total 173440K, used 10282K [0x00000000aaaa0000, 0x00000000b5400000, 0x0000000100000000)
   the space 173440K,   5% used [0x00000000aaaa0000, 0x00000000ab4aa8b0, 0x00000000ab4aaa00, 0x00000000b5400000)
 Metaspace       used 10598K, committed 10816K, reserved 1114112K
  class space    used 1419K, committed 1536K, reserved 1048576K
}

